<?xml version="1.0" encoding="UTF-8"?>
<!-- Generated by org.testng.reporters.JUnitReportReporter -->
<testsuite hostname="DESKTOP-J1BNB1Q" failures="0" tests="1" name="com.PractiesApp.Compare_Two_ProductPrices" time="39.116" errors="0" timestamp="2022-07-14T17:26:49 IST" skipped="0">
  <testcase classname="com.PractiesApp.Compare_Two_ProductPrices" name="comparePrice" time="39.116"/>
  <system-out/>
</testsuite> <!-- com.PractiesApp.Compare_Two_ProductPrices -->
