<?xml version="1.0" encoding="UTF-8"?>
<!-- Generated by org.testng.reporters.JUnitReportReporter -->
<testsuite hostname="DESKTOP-J1BNB1Q" failures="0" tests="1" name="com.inspectApplications.Svg_xpath" time="16.216" errors="0" timestamp="2022-04-01T16:51:45 IST" skipped="0">
  <testcase classname="com.inspectApplications.Svg_xpath" name="noon" time="16.216"/>
  <system-out/>
</testsuite> <!-- com.inspectApplications.Svg_xpath -->
