<?xml version="1.0" encoding="UTF-8"?>
<!-- Generated by org.testng.reporters.JUnitReportReporter -->
<testsuite hostname="DESKTOP-J1BNB1Q" failures="0" tests="1" name="com.inspectApplications.LensekartApp" time="39.872" errors="0" timestamp="2022-03-30T13:12:32 IST" skipped="0">
  <testcase classname="com.inspectApplications.LensekartApp" name="lensekart" time="39.872"/>
  <system-out/>
</testsuite> <!-- com.inspectApplications.LensekartApp -->
