<?xml version="1.0" encoding="UTF-8"?>
<!-- Generated by org.testng.reporters.JUnitReportReporter -->
<testsuite hostname="DESKTOP-J1BNB1Q" failures="0" tests="1" name="com.CRM.TestCases.TC002_CreateOrg2" time="14.743" errors="0" timestamp="2022-04-09T10:50:22 IST" skipped="0">
  <testcase classname="com.CRM.TestCases.TC002_CreateOrg2" name="createOrg" time="14.743"/>
  <system-out/>
</testsuite> <!-- com.CRM.TestCases.TC002_CreateOrg2 -->
