<?xml version="1.0" encoding="UTF-8"?>
<!-- Generated by org.testng.reporters.JUnitReportReporter -->
<testsuite hostname="DESKTOP-J1BNB1Q" failures="0" tests="1" name="com.PractiesApp.Find_by_last_char_of_the_word" time="112.574" errors="0" timestamp="2022-05-04T22:56:11 IST" skipped="0">
  <testcase classname="com.PractiesApp.Find_by_last_char_of_the_word" name="lastChar" time="112.574"/>
  <system-out/>
</testsuite> <!-- com.PractiesApp.Find_by_last_char_of_the_word -->
