<?xml version="1.0" encoding="UTF-8"?>
<!-- Generated by org.testng.reporters.JUnitReportReporter -->
<testsuite hostname="DESKTOP-J1BNB1Q" failures="0" tests="1" name="com.Practies.TestMethod" time="0.016" errors="0" timestamp="2022-06-28T00:27:48 IST" skipped="0">
  <testcase classname="com.Practies.TestMethod" name="display" time="0.016"/>
  <system-out/>
</testsuite> <!-- com.Practies.TestMethod -->
