<?xml version="1.0" encoding="UTF-8"?>
<!-- Generated by org.testng.reporters.JUnitReportReporter -->
<testsuite hostname="DESKTOP-J1BNB1Q" failures="0" tests="6" name="com.testNg.TestAnnotationsTest" time="0.027" errors="0" timestamp="2022-04-08T15:23:29 IST" skipped="0">
  <testcase classname="com.testNg.TestAnnotationsTest" name="a" time="0.003"/>
  <system-out/>
  <testcase classname="com.testNg.TestAnnotationsTest" name="c" time="0.001"/>
  <system-out/>
  <testcase classname="com.testNg.TestAnnotationsTest" name="d" time="0.002"/>
  <system-out/>
  <testcase classname="com.testNg.TestAnnotationsTest" name="b" time="0.004"/>
  <system-out/>
  <testcase classname="com.testNg.TestAnnotationsTest" name="a" time="0.013"/>
  <system-out/>
  <testcase classname="com.testNg.TestAnnotationsTest" name="a" time="0.004"/>
  <system-out/>
</testsuite> <!-- com.testNg.TestAnnotationsTest -->
