<?xml version="1.0" encoding="UTF-8"?>
<!-- Generated by org.testng.reporters.JUnitReportReporter -->
<testsuite hostname="DESKTOP-J1BNB1Q" failures="0" tests="1" name="com.Practies.ExtendReport" time="31.570" errors="0" timestamp="2022-07-22T13:52:19 IST" skipped="0">
  <testcase classname="com.Practies.ExtendReport" name="testReport" time="31.570"/>
  <system-out/>
</testsuite> <!-- com.Practies.ExtendReport -->
