<?xml version="1.0" encoding="UTF-8"?>
<!-- Generated by org.testng.reporters.JUnitReportReporter -->
<testsuite hostname="DESKTOP-J1BNB1Q" failures="0" tests="3" name="com.inspectApplications.Dataprovider" time="0.016" errors="0" timestamp="2022-04-05T15:32:18 IST" skipped="0">
  <testcase classname="com.inspectApplications.Dataprovider" name="testMethod" time="0.009"/>
  <system-out/>
  <testcase classname="com.inspectApplications.Dataprovider" name="testMethod" time="0.003"/>
  <system-out/>
  <testcase classname="com.inspectApplications.Dataprovider" name="testMethod" time="0.004"/>
  <system-out/>
</testsuite> <!-- com.inspectApplications.Dataprovider -->
