<?xml version="1.0" encoding="UTF-8"?>
<!-- Generated by org.testng.reporters.JUnitReportReporter -->
<testsuite hostname="DESKTOP-J1BNB1Q" failures="0" tests="1" name="com.inspectApplications.Find_by_last_char_of_the_word" time="29.642" errors="0" timestamp="2022-04-07T09:51:50 IST" skipped="0">
  <testcase classname="com.inspectApplications.Find_by_last_char_of_the_word" name="lastChar" time="29.642"/>
  <system-out/>
</testsuite> <!-- com.inspectApplications.Find_by_last_char_of_the_word -->
