<?xml version="1.0" encoding="UTF-8"?>
<!-- Generated by org.testng.reporters.JUnitReportReporter -->
<testsuite hostname="DESKTOP-J1BNB1Q" failures="0" tests="1" name="com.inspectApplications.StaleElementException" time="6.967" errors="0" timestamp="2022-04-06T17:58:38 IST" skipped="0">
  <testcase classname="com.inspectApplications.StaleElementException" name="test" time="6.967"/>
  <system-out/>
</testsuite> <!-- com.inspectApplications.StaleElementException -->
