<?xml version="1.0" encoding="UTF-8"?>
<!-- Generated by org.testng.reporters.JUnitReportReporter -->
<testsuite hostname="DESKTOP-J1BNB1Q" failures="0" tests="1" name="com.inspectApplications.Flipcart_AddtoCart" time="24.816" errors="0" timestamp="2022-03-29T17:04:54 IST" skipped="0">
  <testcase classname="com.inspectApplications.Flipcart_AddtoCart" name="addToCart" time="24.816"/>
  <system-out/>
</testsuite> <!-- com.inspectApplications.Flipcart_AddtoCart -->
