<?xml version="1.0" encoding="UTF-8"?>
<!-- Generated by org.testng.reporters.JUnitReportReporter -->
<testsuite hostname="DESKTOP-J1BNB1Q" failures="0" tests="1" name="com.inspectApplications.ToolTip" time="16.049" errors="0" timestamp="2022-04-05T16:26:09 IST" skipped="0">
  <testcase classname="com.inspectApplications.ToolTip" name="hoverMessage" time="16.049"/>
  <system-out/>
</testsuite> <!-- com.inspectApplications.ToolTip -->
