<?xml version="1.0" encoding="UTF-8"?>
<!-- Generated by org.testng.reporters.JUnitReportReporter -->
<testsuite hostname="DESKTOP-J1BNB1Q" failures="0" tests="1" name="com.inspectApplications.Deffrent_waits" time="13.841" errors="0" timestamp="2022-04-06T14:05:49 IST" skipped="0">
  <testcase classname="com.inspectApplications.Deffrent_waits" name="defferentWaits" time="13.841"/>
  <system-out/>
</testsuite> <!-- com.inspectApplications.Deffrent_waits -->
