<?xml version="1.0" encoding="UTF-8"?>
<!-- Generated by org.testng.reporters.JUnitReportReporter -->
<testsuite hostname="DESKTOP-J1BNB1Q" failures="0" tests="1" name="com.Vtiger_Application.TC003_ContactWithOrgTest" time="46.635" errors="0" timestamp="2022-04-19T15:39:39 IST" skipped="0">
  <testcase classname="com.Vtiger_Application.TC003_ContactWithOrgTest" name="createContactTest" time="46.635"/>
  <system-out/>
</testsuite> <!-- com.Vtiger_Application.TC003_ContactWithOrgTest -->
