<?xml version="1.0" encoding="UTF-8"?>
<!-- Generated by org.testng.reporters.JUnitReportReporter -->
<testsuite hostname="DESKTOP-J1BNB1Q" failures="0" tests="1" name="com.inspectApplications.FindByAnnatetions" time="65.052" errors="0" timestamp="2022-04-07T10:57:41 IST" skipped="0">
  <testcase classname="com.inspectApplications.FindByAnnatetions" name="lenskart" time="65.052"/>
  <system-out/>
</testsuite> <!-- com.inspectApplications.FindByAnnatetions -->
