<?xml version="1.0" encoding="UTF-8"?>
<!-- Generated by org.testng.reporters.JUnitReportReporter -->
<testsuite hostname="DESKTOP-J1BNB1Q" failures="0" tests="1" name="com.Vtiger_Application.TC001_Create_OrganizationDDTest" time="47.626" errors="0" timestamp="2022-04-19T15:31:56 IST" skipped="0">
  <testcase classname="com.Vtiger_Application.TC001_Create_OrganizationDDTest" name="deleteOrgTest" time="47.626"/>
  <system-out/>
</testsuite> <!-- com.Vtiger_Application.TC001_Create_OrganizationDDTest -->
