<?xml version="1.0" encoding="UTF-8"?>
<!-- Generated by org.testng.reporters.JUnitReportReporter -->
<testsuite hostname="DESKTOP-J1BNB1Q" failures="0" tests="2" name="com.inspectApplications.MakeMyTrip" time="53.041" errors="0" timestamp="2022-04-05T23:06:32 IST" skipped="0">
  <testcase classname="com.inspectApplications.MakeMyTrip" name="multipledestination" time="28.191"/>
  <system-out/>
  <testcase classname="com.inspectApplications.MakeMyTrip" name="multipledestination" time="24.850"/>
  <system-out/>
</testsuite> <!-- com.inspectApplications.MakeMyTrip -->
