<?xml version="1.0" encoding="UTF-8"?>
<!-- Generated by org.testng.reporters.JUnitReportReporter -->
<testsuite hostname="DESKTOP-J1BNB1Q" failures="0" tests="1" name="com.inspectApplications.HdfcBank" time="16.931" errors="0" timestamp="2022-04-07T10:27:32 IST" skipped="0">
  <testcase classname="com.inspectApplications.HdfcBank" name="hdfc" time="16.931"/>
  <system-out/>
</testsuite> <!-- com.inspectApplications.HdfcBank -->
