<?xml version="1.0" encoding="UTF-8"?>
<!-- Generated by org.testng.reporters.JUnitReportReporter -->
<testsuite hostname="DESKTOP-J1BNB1Q" failures="0" tests="1" name="com.Vtiger_Application.TC002_CreatOgrTest" time="43.067" errors="0" timestamp="2022-04-19T15:37:14 IST" skipped="0">
  <testcase classname="com.Vtiger_Application.TC002_CreatOgrTest" name="createOrgWithMobileNumTest" time="43.067"/>
  <system-out/>
</testsuite> <!-- com.Vtiger_Application.TC002_CreatOgrTest -->
