<?xml version="1.0" encoding="UTF-8"?>
<!-- Generated by org.testng.reporters.JUnitReportReporter -->
<testsuite hostname="DESKTOP-J1BNB1Q" failures="0" tests="1" name="com.inspectApplications.Compare_Two_ProductPrices" time="25.827" errors="0" timestamp="2022-03-29T18:07:55 IST" skipped="0">
  <testcase classname="com.inspectApplications.Compare_Two_ProductPrices" name="comparePrice" time="25.827"/>
  <system-out/>
</testsuite> <!-- com.inspectApplications.Compare_Two_ProductPrices -->
