<?xml version="1.0" encoding="UTF-8"?>
<!-- Generated by org.testng.reporters.JUnitReportReporter -->
<testsuite hostname="CPT0QG3" failures="0" tests="1" name="com.PractiesApp.FlipkartApp" time="58.991" errors="0" timestamp="2022-12-18T19:09:55 IST" skipped="0">
  <testcase classname="com.PractiesApp.FlipkartApp" name="flipkart" time="58.991"/>
  <system-out/>
</testsuite> <!-- com.PractiesApp.FlipkartApp -->
