<?xml version="1.0" encoding="UTF-8"?>
<!-- Generated by org.testng.reporters.JUnitReportReporter -->
<testsuite hostname="DESKTOP-J1BNB1Q" failures="0" tests="2" name="com.Practies.Skip_Test" time="26.341" errors="0" timestamp="2022-04-12T15:11:24 IST" skipped="1">
  <testcase classname="com.Practies.Skip_Test" name="loginSkipTest" time="9.054"/>
  <system-out/>
  <testcase classname="com.Practies.Skip_Test" name="clickOrgLink" time="17.287">
    <skipped/>
  </testcase> <!-- clickOrgLink -->
  <system-out/>
</testsuite> <!-- com.Practies.Skip_Test -->
