<?xml version="1.0" encoding="UTF-8"?>
<!-- Generated by org.testng.reporters.JUnitReportReporter -->
<testsuite hostname="DESKTOP-J1BNB1Q" failures="0" tests="1" name="com.inspectApplications.FlipkartApp" time="22.460" errors="0" timestamp="2022-03-29T15:34:04 IST" skipped="0">
  <testcase classname="com.inspectApplications.FlipkartApp" name="flipkart" time="22.460"/>
  <system-out/>
</testsuite> <!-- com.inspectApplications.FlipkartApp -->
