<?xml version="1.0" encoding="UTF-8"?>
<!-- Generated by org.testng.reporters.JUnitReportReporter -->
<testsuite hostname="DESKTOP-J1BNB1Q" failures="0" tests="1" name="com.testNg.BeforeAnnotationsTest" time="0.017" errors="0" timestamp="2022-04-08T14:37:35 IST" skipped="0">
  <testcase classname="com.testNg.BeforeAnnotationsTest" name="a" time="0.017"/>
  <system-out/>
</testsuite> <!-- com.testNg.BeforeAnnotationsTest -->
