<?xml version="1.0" encoding="UTF-8"?>
<!-- Generated by org.testng.reporters.JUnitReportReporter -->
<testsuite hostname="DESKTOP-J1BNB1Q" failures="0" tests="1" name="com.inspectApplications.FutureDate" time="120.835" errors="0" timestamp="2022-04-06T00:49:08 IST" skipped="0">
  <testcase classname="com.inspectApplications.FutureDate" name="futureDate" time="120.835"/>
  <system-out/>
</testsuite> <!-- com.inspectApplications.FutureDate -->
