<?xml version="1.0" encoding="UTF-8"?>
<!-- Generated by org.testng.reporters.JUnitReportReporter -->
<testsuite hostname="DESKTOP-J1BNB1Q" failures="0" tests="1" name="com.PractiesApp.Incognito_Mode" time="64.484" errors="0" timestamp="2022-07-12T11:47:57 IST" skipped="0">
  <testcase classname="com.PractiesApp.Incognito_Mode" name="defferentWaits" time="64.484"/>
  <system-out/>
</testsuite> <!-- com.PractiesApp.Incognito_Mode -->
