<?xml version="1.0" encoding="UTF-8"?>
<!-- Generated by org.testng.reporters.JUnitReportReporter -->
<testsuite hostname="DESKTOP-J1BNB1Q" failures="0" tests="1" name="com.Practies.Hard_Soft_AssertTest" time="10.088" errors="0" timestamp="2022-04-11T22:35:25 IST" skipped="0">
  <testcase classname="com.Practies.Hard_Soft_AssertTest" name="hard_Soft_AssertTest" time="10.088"/>
  <system-out/>
</testsuite> <!-- com.Practies.Hard_Soft_AssertTest -->
