<?xml version="1.0" encoding="UTF-8"?>
<!-- Generated by org.testng.reporters.JUnitReportReporter -->
<testsuite hostname="DESKTOP-J1BNB1Q" failures="0" tests="1" name="com.CRM.TestCases.TC002" time="35.794" errors="0" timestamp="2022-03-28T22:56:40 IST" skipped="0">
  <testcase classname="com.CRM.TestCases.TC002" name="createOrg_withDD" time="35.794"/>
  <system-out/>
</testsuite> <!-- com.CRM.TestCases.TC002 -->
