<?xml version="1.0" encoding="UTF-8"?>
<!-- Generated by org.testng.reporters.JUnitReportReporter -->
<testsuite hostname="DESKTOP-J1BNB1Q" failures="0" tests="1" name="com.Practies.PractiesTest" time="15.597" errors="0" timestamp="2022-04-09T10:53:05 IST" skipped="0">
  <testcase classname="com.Practies.PractiesTest" name="practiestest" time="15.597"/>
  <system-out/>
</testsuite> <!-- com.Practies.PractiesTest -->
